

Version:	3.50
CmdLine:	C:\Users\abene\OneDrive\Desktop\BlackJack\BlackJack.exe --l4j-debug
JNI:		No
WOW64:		Yes
Working dir:	C:\Users\abene\OneDrive\Desktop\BlackJack\.
Requires JDK:	No
Requires 64-Bit: No
Java min ver:	1.004.000
Java max ver:	
Substitute:	JAVA_HOME = 
Substitute:	PATH = C:\Program Files\Common Files\Oracle\Java\javapath;C:\Windows\system32;C:\Windows;C:\Windows\System32\Wbem;C:\Windows\System32\WindowsPowerShell\v1.0\;C:\Windows\System32\OpenSSH\;C:\Program Files\dotnet\;C:\Program Files\MATLAB\R2022a\bin;C:\Program Files\nodejs\;C:\Program Files\Git\cmd;C:\Users\abene\AppData\Local\Microsoft\WindowsApps;C:\Program Files\JetBrains\IntelliJ IDEA Community Edition 2021.3.1\bin;;C:\Users\abene\AppData\Roaming\npm;C:\Users\abene\AppData\Local\Programs\Microsoft VS Code\bin;C:\Users\abene\AppData\Local\GitHubDesktop\bin;C:\Program Files\Java\jdk-20\bin
JRE paths:	;C:\Program Files\Common Files\Oracle\Java\javapath;C:\Windows\system32;C:\Windows;C:\Windows\System32\Wbem;C:\Windows\System32\WindowsPowerShell\v1.0\;C:\Windows\System32\OpenSSH\;C:\Program Files\dotnet\;C:\Program Files\MATLAB\R2022a\bin;C:\Program Files\nodejs\;C:\Program Files\Git\cmd;C:\Users\abene\AppData\Local\Microsoft\WindowsApps;C:\Program Files\JetBrains\IntelliJ IDEA Community Edition 2021.3.1\bin;;C:\Users\abene\AppData\Roaming\npm;C:\Users\abene\AppData\Local\Programs\Microsoft VS Code\bin;C:\Users\abene\AppData\Local\GitHubDesktop\bin;C:\Program Files\Java\jdk-20\bin
Check launcher:	C:\Program Files\Common Files\Oracle\Java\javapath\bin\javaw.exe (not found)
Check launcher:	C:\Windows\system32\bin\javaw.exe (not found)
Check launcher:	C:\Windows\bin\javaw.exe (not found)
Check launcher:	C:\Windows\System32\Wbem\bin\javaw.exe (not found)
Check launcher:	C:\Windows\System32\WindowsPowerShell\v1.0\bin\javaw.exe (not found)
Check launcher:	C:\Windows\System32\OpenSSH\bin\javaw.exe (not found)
Check launcher:	C:\Program Files\dotnet\bin\javaw.exe (not found)
Check launcher:	C:\Program Files\MATLAB\R2022a\bin\javaw.exe (not found)
Check launcher:	C:\Program Files\nodejs\bin\javaw.exe (not found)
Check launcher:	C:\Program Files\Git\cmd\bin\javaw.exe (not found)
Check launcher:	C:\Users\abene\AppData\Local\Microsoft\WindowsApps\bin\javaw.exe (not found)
Check launcher:	C:\Program Files\JetBrains\IntelliJ IDEA Community Edition 2021.3.1\bin\javaw.exe (not found)
Check launcher:	C:\Users\abene\AppData\Roaming\npm\bin\javaw.exe (not found)
Check launcher:	C:\Users\abene\AppData\Local\Programs\Microsoft VS Code\bin\javaw.exe (not found)
Check launcher:	C:\Users\abene\AppData\Local\GitHubDesktop\bin\javaw.exe (not found)
Check launcher:	C:\Program Files\Java\jdk-20\bin\javaw.exe (OK)
Version string: 1.020.000_001 / 64-Bit (OK)
Launcher:	C:\Program Files\Java\jdk-20\bin\javaw.exe
Launcher args:	-jar "C:\Users\abene\OneDrive\Desktop\BlackJack\BlackJack.exe"
Args length:	62/32768 chars
Exit code:	0
